{"C:\\Users\\jcven\\Desktop\\books-rest-api\\routes.js": {"path":"C:\\Users\\jcven\\Desktop\\books-rest-api\\routes.js","statementMap":{"0":{"start":{"line":1,"column":16},"end":{"line":1,"column":34}},"1":{"start":{"line":2,"column":13},"end":{"line":2,"column":37}},"2":{"start":{"line":4,"column":15},"end":{"line":4,"column":31}},"3":{"start":{"line":7,"column":20},"end":{"line":10,"column":1}},"4":{"start":{"line":8,"column":4},"end":{"line":8,"column":23}},"5":{"start":{"line":9,"column":4},"end":{"line":9,"column":55}},"6":{"start":{"line":13,"column":0},"end":{"line":20,"column":3}},"7":{"start":{"line":14,"column":4},"end":{"line":19,"column":5}},"8":{"start":{"line":15,"column":22},"end":{"line":15,"column":39}},"9":{"start":{"line":16,"column":8},"end":{"line":16,"column":49}},"10":{"start":{"line":18,"column":8},"end":{"line":18,"column":30}},"11":{"start":{"line":23,"column":0},"end":{"line":33,"column":3}},"12":{"start":{"line":24,"column":4},"end":{"line":32,"column":5}},"13":{"start":{"line":25,"column":21},"end":{"line":25,"column":70}},"14":{"start":{"line":26,"column":8},"end":{"line":28,"column":9}},"15":{"start":{"line":27,"column":12},"end":{"line":27,"column":87}},"16":{"start":{"line":29,"column":8},"end":{"line":29,"column":48}},"17":{"start":{"line":31,"column":8},"end":{"line":31,"column":30}},"18":{"start":{"line":36,"column":0},"end":{"line":46,"column":3}},"19":{"start":{"line":37,"column":4},"end":{"line":45,"column":5}},"20":{"start":{"line":38,"column":22},"end":{"line":38,"column":98}},"21":{"start":{"line":39,"column":8},"end":{"line":41,"column":9}},"22":{"start":{"line":40,"column":12},"end":{"line":40,"column":102}},"23":{"start":{"line":42,"column":8},"end":{"line":42,"column":49}},"24":{"start":{"line":44,"column":8},"end":{"line":44,"column":30}},"25":{"start":{"line":49,"column":0},"end":{"line":61,"column":3}},"26":{"start":{"line":50,"column":4},"end":{"line":60,"column":5}},"27":{"start":{"line":51,"column":22},"end":{"line":51,"column":95}},"28":{"start":{"line":54,"column":8},"end":{"line":56,"column":9}},"29":{"start":{"line":55,"column":12},"end":{"line":55,"column":103}},"30":{"start":{"line":57,"column":8},"end":{"line":57,"column":49}},"31":{"start":{"line":59,"column":8},"end":{"line":59,"column":30}},"32":{"start":{"line":64,"column":0},"end":{"line":82,"column":3}},"33":{"start":{"line":65,"column":4},"end":{"line":81,"column":5}},"34":{"start":{"line":66,"column":23},"end":{"line":66,"column":52}},"35":{"start":{"line":69,"column":8},"end":{"line":71,"column":9}},"36":{"start":{"line":70,"column":12},"end":{"line":70,"column":129}},"37":{"start":{"line":73,"column":22},"end":{"line":73,"column":75}},"38":{"start":{"line":74,"column":8},"end":{"line":76,"column":9}},"39":{"start":{"line":75,"column":12},"end":{"line":75,"column":134}},"40":{"start":{"line":78,"column":8},"end":{"line":78,"column":49}},"41":{"start":{"line":80,"column":8},"end":{"line":80,"column":30}},"42":{"start":{"line":85,"column":0},"end":{"line":124,"column":3}},"43":{"start":{"line":86,"column":4},"end":{"line":123,"column":5}},"44":{"start":{"line":87,"column":21},"end":{"line":87,"column":50}},"45":{"start":{"line":90,"column":8},"end":{"line":92,"column":9}},"46":{"start":{"line":91,"column":12},"end":{"line":91,"column":85}},"47":{"start":{"line":95,"column":22},"end":{"line":114,"column":10}},"48":{"start":{"line":116,"column":8},"end":{"line":118,"column":9}},"49":{"start":{"line":117,"column":12},"end":{"line":117,"column":110}},"50":{"start":{"line":120,"column":8},"end":{"line":120,"column":49}},"51":{"start":{"line":122,"column":8},"end":{"line":122,"column":30}},"52":{"start":{"line":127,"column":0},"end":{"line":166,"column":3}},"53":{"start":{"line":128,"column":4},"end":{"line":165,"column":5}},"54":{"start":{"line":129,"column":21},"end":{"line":129,"column":50}},"55":{"start":{"line":132,"column":8},"end":{"line":134,"column":9}},"56":{"start":{"line":133,"column":12},"end":{"line":133,"column":85}},"57":{"start":{"line":137,"column":22},"end":{"line":156,"column":10}},"58":{"start":{"line":158,"column":8},"end":{"line":160,"column":9}},"59":{"start":{"line":159,"column":12},"end":{"line":159,"column":112}},"60":{"start":{"line":162,"column":8},"end":{"line":162,"column":49}},"61":{"start":{"line":164,"column":8},"end":{"line":164,"column":30}},"62":{"start":{"line":168,"column":0},"end":{"line":168,"column":24}}},"fnMap":{"0":{"name":"(anonymous_0)","decl":{"start":{"line":7,"column":20},"end":{"line":7,"column":21}},"loc":{"start":{"line":7,"column":72},"end":{"line":10,"column":1}},"line":7},"1":{"name":"(anonymous_1)","decl":{"start":{"line":13,"column":21},"end":{"line":13,"column":22}},"loc":{"start":{"line":13,"column":41},"end":{"line":20,"column":1}},"line":13},"2":{"name":"(anonymous_2)","decl":{"start":{"line":23,"column":29},"end":{"line":23,"column":30}},"loc":{"start":{"line":23,"column":49},"end":{"line":33,"column":1}},"line":23},"3":{"name":"(anonymous_3)","decl":{"start":{"line":36,"column":36},"end":{"line":36,"column":37}},"loc":{"start":{"line":36,"column":56},"end":{"line":46,"column":1}},"line":36},"4":{"name":"(anonymous_4)","decl":{"start":{"line":49,"column":34},"end":{"line":49,"column":35}},"loc":{"start":{"line":49,"column":54},"end":{"line":61,"column":1}},"line":49},"5":{"name":"(anonymous_5)","decl":{"start":{"line":64,"column":36},"end":{"line":64,"column":37}},"loc":{"start":{"line":64,"column":56},"end":{"line":82,"column":1}},"line":64},"6":{"name":"(anonymous_6)","decl":{"start":{"line":85,"column":35},"end":{"line":85,"column":36}},"loc":{"start":{"line":85,"column":55},"end":{"line":124,"column":1}},"line":85},"7":{"name":"(anonymous_7)","decl":{"start":{"line":127,"column":35},"end":{"line":127,"column":36}},"loc":{"start":{"line":127,"column":55},"end":{"line":166,"column":1}},"line":127}},"branchMap":{"0":{"loc":{"start":{"line":7,"column":31},"end":{"line":7,"column":55}},"type":"default-arg","locations":[{"start":{"line":7,"column":41},"end":{"line":7,"column":55}}],"line":7},"1":{"loc":{"start":{"line":7,"column":57},"end":{"line":7,"column":67}},"type":"default-arg","locations":[{"start":{"line":7,"column":64},"end":{"line":7,"column":67}}],"line":7},"2":{"loc":{"start":{"line":26,"column":8},"end":{"line":28,"column":9}},"type":"if","locations":[{"start":{"line":26,"column":8},"end":{"line":28,"column":9}},{"start":{},"end":{}}],"line":26},"3":{"loc":{"start":{"line":39,"column":8},"end":{"line":41,"column":9}},"type":"if","locations":[{"start":{"line":39,"column":8},"end":{"line":41,"column":9}},{"start":{},"end":{}}],"line":39},"4":{"loc":{"start":{"line":54,"column":8},"end":{"line":56,"column":9}},"type":"if","locations":[{"start":{"line":54,"column":8},"end":{"line":56,"column":9}},{"start":{},"end":{}}],"line":54},"5":{"loc":{"start":{"line":69,"column":8},"end":{"line":71,"column":9}},"type":"if","locations":[{"start":{"line":69,"column":8},"end":{"line":71,"column":9}},{"start":{},"end":{}}],"line":69},"6":{"loc":{"start":{"line":69,"column":12},"end":{"line":69,"column":53}},"type":"binary-expr","locations":[{"start":{"line":69,"column":12},"end":{"line":69,"column":25}},{"start":{"line":69,"column":29},"end":{"line":69,"column":39}},{"start":{"line":69,"column":43},"end":{"line":69,"column":53}}],"line":69},"7":{"loc":{"start":{"line":74,"column":8},"end":{"line":76,"column":9}},"type":"if","locations":[{"start":{"line":74,"column":8},"end":{"line":76,"column":9}},{"start":{},"end":{}}],"line":74},"8":{"loc":{"start":{"line":90,"column":8},"end":{"line":92,"column":9}},"type":"if","locations":[{"start":{"line":90,"column":8},"end":{"line":92,"column":9}},{"start":{},"end":{}}],"line":90},"9":{"loc":{"start":{"line":90,"column":12},"end":{"line":90,"column":65}},"type":"binary-expr","locations":[{"start":{"line":90,"column":12},"end":{"line":90,"column":23}},{"start":{"line":90,"column":27},"end":{"line":90,"column":50}},{"start":{"line":90,"column":54},"end":{"line":90,"column":65}}],"line":90},"10":{"loc":{"start":{"line":116,"column":8},"end":{"line":118,"column":9}},"type":"if","locations":[{"start":{"line":116,"column":8},"end":{"line":118,"column":9}},{"start":{},"end":{}}],"line":116},"11":{"loc":{"start":{"line":132,"column":8},"end":{"line":134,"column":9}},"type":"if","locations":[{"start":{"line":132,"column":8},"end":{"line":134,"column":9}},{"start":{},"end":{}}],"line":132},"12":{"loc":{"start":{"line":132,"column":12},"end":{"line":132,"column":65}},"type":"binary-expr","locations":[{"start":{"line":132,"column":12},"end":{"line":132,"column":23}},{"start":{"line":132,"column":27},"end":{"line":132,"column":50}},{"start":{"line":132,"column":54},"end":{"line":132,"column":65}}],"line":132},"13":{"loc":{"start":{"line":158,"column":8},"end":{"line":160,"column":9}},"type":"if","locations":[{"start":{"line":158,"column":8},"end":{"line":160,"column":9}},{"start":{},"end":{}}],"line":158}},"s":{"0":1,"1":1,"2":1,"3":1,"4":7,"5":7,"6":1,"7":3,"8":3,"9":2,"10":1,"11":1,"12":3,"13":3,"14":2,"15":1,"16":1,"17":1,"18":1,"19":3,"20":3,"21":2,"22":1,"23":1,"24":1,"25":1,"26":3,"27":3,"28":2,"29":1,"30":1,"31":1,"32":1,"33":4,"34":4,"35":4,"36":1,"37":3,"38":2,"39":1,"40":1,"41":1,"42":1,"43":4,"44":4,"45":4,"46":1,"47":3,"48":2,"49":1,"50":1,"51":1,"52":1,"53":4,"54":4,"55":4,"56":1,"57":3,"58":2,"59":1,"60":1,"61":1,"62":1},"f":{"0":7,"1":3,"2":3,"3":3,"4":3,"5":4,"6":4,"7":4},"b":{"0":[7],"1":[7],"2":[1,1],"3":[1,1],"4":[1,1],"5":[1,3],"6":[4,3,3],"7":[1,1],"8":[1,3],"9":[4,3,3],"10":[1,1],"11":[1,3],"12":[4,3,3],"13":[1,1]},"_coverageSchema":"1a1c01bbd47fc00a2c39e90264f33305004495a9","hash":"8b82cc595cc23e3f4e9f6b3452804353e27c4de0"}
,"C:\\Users\\jcven\\Desktop\\books-rest-api\\models\\Book.js": {"path":"C:\\Users\\jcven\\Desktop\\books-rest-api\\models\\Book.js","statementMap":{"0":{"start":{"line":1,"column":17},"end":{"line":1,"column":36}},"1":{"start":{"line":3,"column":19},"end":{"line":16,"column":2}},"2":{"start":{"line":19,"column":0},"end":{"line":19,"column":32}},"3":{"start":{"line":20,"column":0},"end":{"line":20,"column":33}},"4":{"start":{"line":21,"column":0},"end":{"line":21,"column":31}},"5":{"start":{"line":23,"column":13},"end":{"line":23,"column":47}},"6":{"start":{"line":25,"column":0},"end":{"line":25,"column":22}}},"fnMap":{},"branchMap":{},"s":{"0":1,"1":1,"2":1,"3":1,"4":1,"5":1,"6":1},"f":{},"b":{},"_coverageSchema":"1a1c01bbd47fc00a2c39e90264f33305004495a9","hash":"c22a41ec5584cb7e48d82b08d427b31995a1b222"}
}
