TN:
SF:routes.js
FN:7,(anonymous_0)
FN:13,(anonymous_1)
FN:23,(anonymous_2)
FN:36,(anonymous_3)
FN:49,(anonymous_4)
FN:64,(anonymous_5)
FN:85,(anonymous_6)
FN:127,(anonymous_7)
FNF:8
FNH:8
FNDA:7,(anonymous_0)
FNDA:3,(anonymous_1)
FNDA:3,(anonymous_2)
FNDA:3,(anonymous_3)
FNDA:3,(anonymous_4)
FNDA:4,(anonymous_5)
FNDA:4,(anonymous_6)
FNDA:4,(anonymous_7)
DA:1,1
DA:2,1
DA:4,1
DA:7,1
DA:8,7
DA:9,7
DA:13,1
DA:14,3
DA:15,3
DA:16,2
DA:18,1
DA:23,1
DA:24,3
DA:25,3
DA:26,2
DA:27,1
DA:29,1
DA:31,1
DA:36,1
DA:37,3
DA:38,3
DA:39,2
DA:40,1
DA:42,1
DA:44,1
DA:49,1
DA:50,3
DA:51,3
DA:54,2
DA:55,1
DA:57,1
DA:59,1
DA:64,1
DA:65,4
DA:66,4
DA:69,4
DA:70,1
DA:73,3
DA:74,2
DA:75,1
DA:78,1
DA:80,1
DA:85,1
DA:86,4
DA:87,4
DA:90,4
DA:91,1
DA:95,3
DA:116,2
DA:117,1
DA:120,1
DA:122,1
DA:127,1
DA:128,4
DA:129,4
DA:132,4
DA:133,1
DA:137,3
DA:158,2
DA:159,1
DA:162,1
DA:164,1
DA:168,1
LF:63
LH:63
BRDA:7,0,0,7
BRDA:7,1,0,7
BRDA:26,2,0,1
BRDA:26,2,1,1
BRDA:39,3,0,1
BRDA:39,3,1,1
BRDA:54,4,0,1
BRDA:54,4,1,1
BRDA:69,5,0,1
BRDA:69,5,1,3
BRDA:69,6,0,4
BRDA:69,6,1,3
BRDA:69,6,2,3
BRDA:74,7,0,1
BRDA:74,7,1,1
BRDA:90,8,0,1
BRDA:90,8,1,3
BRDA:90,9,0,4
BRDA:90,9,1,3
BRDA:90,9,2,3
BRDA:116,10,0,1
BRDA:116,10,1,1
BRDA:132,11,0,1
BRDA:132,11,1,3
BRDA:132,12,0,4
BRDA:132,12,1,3
BRDA:132,12,2,3
BRDA:158,13,0,1
BRDA:158,13,1,1
BRF:29
BRH:29
end_of_record
TN:
SF:models\Book.js
FNF:0
FNH:0
DA:1,1
DA:3,1
DA:19,1
DA:20,1
DA:21,1
DA:23,1
DA:25,1
LF:7
LH:7
BRF:0
BRH:0
end_of_record
